2023-02-19 10:00:01,404 WARNING 1 [py.warnings] [user None] [ip None] warnings.py:109 - /openedx/venv/lib/python3.8/site-packages/boto/plugin.py:40: DeprecationWarning: the imp module is deprecated in favour of importlib; see the module's documentation for alternative uses
  import imp

2023-02-19 10:00:01,448 WARNING 1 [py.warnings] [user None] [ip None] warnings.py:109 - /openedx/venv/lib/python3.8/site-packages/botocore/vendored/requests/packages/urllib3/_collections.py:1: DeprecationWarning: Using or importing the ABCs from 'collections' instead of from 'collections.abc' is deprecated since Python 3.3, and in 3.10 it will stop working
  from collections import Mapping, MutableMapping

2023-02-19 10:00:03,398 WARNING 1 [py.warnings] [user None] [ip None] warnings.py:109 - /openedx/edx-platform/openedx/core/types/admin.py:49: DeprecationWarning: Django 3.2+ available: the _admin_display method and the AdminMethodclass should be removed from openedx.core.types
  warnings.warn(

2023-02-19 10:00:04,207 WARNING 1 [py.warnings] [user None] [ip None] warnings.py:109 - /openedx/venv/lib/python3.8/site-packages/storages/backends/s3boto.py:41: DeprecationWarning: The S3BotoStorage backend is deprecated in favor of the S3Boto3Storage backend and will be removed in django-storages 1.8. This backend is mostly in bugfix only mode and has been for quite a while (in much the same way as its underlying library 'boto'). For performance, security and new feature reasons it is _strongly_ recommended that you update to the S3Boto3Storage backend. Please see the migration docs https://django-storages.readthedocs.io/en/latest/backends/amazon-S3.html#migrating-boto-to-boto3.
  warnings.warn(

2023-02-19 10:00:09,672 WARNING 23 [py.warnings] [user None] [ip None] warnings.py:109 - /openedx/venv/lib/python3.8/site-packages/boto/plugin.py:40: DeprecationWarning: the imp module is deprecated in favour of importlib; see the module's documentation for alternative uses
  import imp

2023-02-19 10:00:09,751 WARNING 23 [py.warnings] [user None] [ip None] warnings.py:109 - /openedx/venv/lib/python3.8/site-packages/botocore/vendored/requests/packages/urllib3/_collections.py:1: DeprecationWarning: Using or importing the ABCs from 'collections' instead of from 'collections.abc' is deprecated since Python 3.3, and in 3.10 it will stop working
  from collections import Mapping, MutableMapping

2023-02-19 10:00:12,965 WARNING 23 [py.warnings] [user None] [ip None] warnings.py:109 - /openedx/edx-platform/openedx/core/types/admin.py:49: DeprecationWarning: Django 3.2+ available: the _admin_display method and the AdminMethodclass should be removed from openedx.core.types
  warnings.warn(

2023-02-19 10:00:14,000 WARNING 23 [py.warnings] [user None] [ip None] warnings.py:109 - /openedx/venv/lib/python3.8/site-packages/storages/backends/s3boto.py:41: DeprecationWarning: The S3BotoStorage backend is deprecated in favor of the S3Boto3Storage backend and will be removed in django-storages 1.8. This backend is mostly in bugfix only mode and has been for quite a while (in much the same way as its underlying library 'boto'). For performance, security and new feature reasons it is _strongly_ recommended that you update to the S3Boto3Storage backend. Please see the migration docs https://django-storages.readthedocs.io/en/latest/backends/amazon-S3.html#migrating-boto-to-boto3.
  warnings.warn(

2023-02-19 10:00:17,229 INFO 23 [django.utils.autoreload] [user None] [ip None] autoreload.py:637 - Watching for file changes with StatReloader
2023-02-19 14:51:28,600 WARNING 1 [py.warnings] [user None] [ip None] warnings.py:109 - /openedx/venv/lib/python3.8/site-packages/boto/plugin.py:40: DeprecationWarning: the imp module is deprecated in favour of importlib; see the module's documentation for alternative uses
  import imp

2023-02-19 14:51:28,816 WARNING 1 [py.warnings] [user None] [ip None] warnings.py:109 - /openedx/venv/lib/python3.8/site-packages/botocore/vendored/requests/packages/urllib3/_collections.py:1: DeprecationWarning: Using or importing the ABCs from 'collections' instead of from 'collections.abc' is deprecated since Python 3.3, and in 3.10 it will stop working
  from collections import Mapping, MutableMapping

2023-02-19 14:51:31,752 WARNING 1 [py.warnings] [user None] [ip None] warnings.py:109 - /openedx/edx-platform/openedx/core/types/admin.py:49: DeprecationWarning: Django 3.2+ available: the _admin_display method and the AdminMethodclass should be removed from openedx.core.types
  warnings.warn(

2023-02-19 14:51:32,991 WARNING 1 [py.warnings] [user None] [ip None] warnings.py:109 - /openedx/venv/lib/python3.8/site-packages/storages/backends/s3boto.py:41: DeprecationWarning: The S3BotoStorage backend is deprecated in favor of the S3Boto3Storage backend and will be removed in django-storages 1.8. This backend is mostly in bugfix only mode and has been for quite a while (in much the same way as its underlying library 'boto'). For performance, security and new feature reasons it is _strongly_ recommended that you update to the S3Boto3Storage backend. Please see the migration docs https://django-storages.readthedocs.io/en/latest/backends/amazon-S3.html#migrating-boto-to-boto3.
  warnings.warn(

2023-02-19 14:51:38,138 WARNING 23 [py.warnings] [user None] [ip None] warnings.py:109 - /openedx/venv/lib/python3.8/site-packages/boto/plugin.py:40: DeprecationWarning: the imp module is deprecated in favour of importlib; see the module's documentation for alternative uses
  import imp

2023-02-19 14:51:38,252 WARNING 23 [py.warnings] [user None] [ip None] warnings.py:109 - /openedx/venv/lib/python3.8/site-packages/botocore/vendored/requests/packages/urllib3/_collections.py:1: DeprecationWarning: Using or importing the ABCs from 'collections' instead of from 'collections.abc' is deprecated since Python 3.3, and in 3.10 it will stop working
  from collections import Mapping, MutableMapping

2023-02-19 14:51:40,714 WARNING 23 [py.warnings] [user None] [ip None] warnings.py:109 - /openedx/edx-platform/openedx/core/types/admin.py:49: DeprecationWarning: Django 3.2+ available: the _admin_display method and the AdminMethodclass should be removed from openedx.core.types
  warnings.warn(

2023-02-19 14:51:41,767 WARNING 23 [py.warnings] [user None] [ip None] warnings.py:109 - /openedx/venv/lib/python3.8/site-packages/storages/backends/s3boto.py:41: DeprecationWarning: The S3BotoStorage backend is deprecated in favor of the S3Boto3Storage backend and will be removed in django-storages 1.8. This backend is mostly in bugfix only mode and has been for quite a while (in much the same way as its underlying library 'boto'). For performance, security and new feature reasons it is _strongly_ recommended that you update to the S3Boto3Storage backend. Please see the migration docs https://django-storages.readthedocs.io/en/latest/backends/amazon-S3.html#migrating-boto-to-boto3.
  warnings.warn(

2023-02-19 14:51:43,709 INFO 23 [django.utils.autoreload] [user None] [ip None] autoreload.py:637 - Watching for file changes with StatReloader
2023-02-19 14:56:54,509 INFO 23 [tracking] [user None] [ip 172.20.0.1] logger.py:41 - {"name": "/", "context": {"user_id": null, "path": "/", "course_id": "", "org_id": "", "enterprise_uuid": ""}, "username": "", "session": "", "ip": "172.20.0.1", "agent": "Mozilla/5.0 (X11; Linux x86_64) AppleWebKit/537.36 (KHTML, like Gecko) Chrome/110.0.0.0 Safari/537.36", "host": "studio.local.overhang.io:8001", "referer": "", "accept_language": "en-US,en;q=0.9", "event": "{\"GET\": {}, \"POST\": {}}", "time": "2023-02-19T14:56:54.508661+00:00", "event_type": "/", "event_source": "server", "page": null}
2023-02-19 14:56:55,677 INFO 23 [openedx.core.djangoapps.cors_csrf.helpers] [user None] [ip 172.20.0.1] helpers.py:64 - Origin None was not in `CORS_ORIGIN_WHITELIST`; full referer was None and requested host was 'studio.local.overhang.io:8001'; CORS_ORIGIN_ALLOW_ALL=False
2023-02-19 14:57:00,627 INFO 23 [tracking] [user None] [ip 172.20.0.1] logger.py:41 - {"name": "/", "context": {"user_id": null, "path": "/", "course_id": "", "org_id": "", "enterprise_uuid": ""}, "username": "", "session": "", "ip": "172.20.0.1", "agent": "Mozilla/5.0 (X11; Linux x86_64) AppleWebKit/537.36 (KHTML, like Gecko) Chrome/110.0.0.0 Safari/537.36", "host": "studio.local.overhang.io:8001", "referer": "", "accept_language": "en-US,en;q=0.9", "event": "{\"GET\": {}, \"POST\": {}}", "time": "2023-02-19T14:57:00.626662+00:00", "event_type": "/", "event_source": "server", "page": null}
2023-02-19 14:57:00,633 INFO 23 [openedx.core.djangoapps.cors_csrf.helpers] [user None] [ip 172.20.0.1] helpers.py:64 - Origin None was not in `CORS_ORIGIN_WHITELIST`; full referer was None and requested host was 'studio.local.overhang.io:8001'; CORS_ORIGIN_ALLOW_ALL=False
2023-02-19 16:00:58,845 WARNING 1 [py.warnings] [user None] [ip None] warnings.py:109 - /openedx/venv/lib/python3.8/site-packages/boto/plugin.py:40: DeprecationWarning: the imp module is deprecated in favour of importlib; see the module's documentation for alternative uses
  import imp

2023-02-19 16:00:58,896 WARNING 1 [py.warnings] [user None] [ip None] warnings.py:109 - /openedx/venv/lib/python3.8/site-packages/botocore/vendored/requests/packages/urllib3/_collections.py:1: DeprecationWarning: Using or importing the ABCs from 'collections' instead of from 'collections.abc' is deprecated since Python 3.3, and in 3.10 it will stop working
  from collections import Mapping, MutableMapping

2023-02-19 16:01:13,887 WARNING 1 [py.warnings] [user None] [ip None] warnings.py:109 - /openedx/edx-platform/openedx/core/types/admin.py:49: DeprecationWarning: Django 3.2+ available: the _admin_display method and the AdminMethodclass should be removed from openedx.core.types
  warnings.warn(

2023-02-19 16:01:33,731 WARNING 1 [py.warnings] [user None] [ip None] warnings.py:109 - /openedx/venv/lib/python3.8/site-packages/storages/backends/s3boto.py:41: DeprecationWarning: The S3BotoStorage backend is deprecated in favor of the S3Boto3Storage backend and will be removed in django-storages 1.8. This backend is mostly in bugfix only mode and has been for quite a while (in much the same way as its underlying library 'boto'). For performance, security and new feature reasons it is _strongly_ recommended that you update to the S3Boto3Storage backend. Please see the migration docs https://django-storages.readthedocs.io/en/latest/backends/amazon-S3.html#migrating-boto-to-boto3.
  warnings.warn(

2023-02-19 16:01:40,991 WARNING 23 [py.warnings] [user None] [ip None] warnings.py:109 - /openedx/venv/lib/python3.8/site-packages/boto/plugin.py:40: DeprecationWarning: the imp module is deprecated in favour of importlib; see the module's documentation for alternative uses
  import imp

2023-02-19 16:01:41,074 WARNING 23 [py.warnings] [user None] [ip None] warnings.py:109 - /openedx/venv/lib/python3.8/site-packages/botocore/vendored/requests/packages/urllib3/_collections.py:1: DeprecationWarning: Using or importing the ABCs from 'collections' instead of from 'collections.abc' is deprecated since Python 3.3, and in 3.10 it will stop working
  from collections import Mapping, MutableMapping

2023-02-19 16:01:43,340 WARNING 23 [py.warnings] [user None] [ip None] warnings.py:109 - /openedx/edx-platform/openedx/core/types/admin.py:49: DeprecationWarning: Django 3.2+ available: the _admin_display method and the AdminMethodclass should be removed from openedx.core.types
  warnings.warn(

2023-02-19 16:01:44,145 WARNING 23 [py.warnings] [user None] [ip None] warnings.py:109 - /openedx/venv/lib/python3.8/site-packages/storages/backends/s3boto.py:41: DeprecationWarning: The S3BotoStorage backend is deprecated in favor of the S3Boto3Storage backend and will be removed in django-storages 1.8. This backend is mostly in bugfix only mode and has been for quite a while (in much the same way as its underlying library 'boto'). For performance, security and new feature reasons it is _strongly_ recommended that you update to the S3Boto3Storage backend. Please see the migration docs https://django-storages.readthedocs.io/en/latest/backends/amazon-S3.html#migrating-boto-to-boto3.
  warnings.warn(

2023-02-19 16:01:45,739 INFO 23 [django.utils.autoreload] [user None] [ip None] autoreload.py:637 - Watching for file changes with StatReloader
2023-02-19 16:17:12,485 WARNING 1 [py.warnings] [user None] [ip None] warnings.py:109 - /openedx/venv/lib/python3.8/site-packages/boto/plugin.py:40: DeprecationWarning: the imp module is deprecated in favour of importlib; see the module's documentation for alternative uses
  import imp

2023-02-19 16:17:12,615 WARNING 1 [py.warnings] [user None] [ip None] warnings.py:109 - /openedx/venv/lib/python3.8/site-packages/botocore/vendored/requests/packages/urllib3/_collections.py:1: DeprecationWarning: Using or importing the ABCs from 'collections' instead of from 'collections.abc' is deprecated since Python 3.3, and in 3.10 it will stop working
  from collections import Mapping, MutableMapping

2023-02-19 16:17:15,514 WARNING 1 [py.warnings] [user None] [ip None] warnings.py:109 - /openedx/edx-platform/openedx/core/types/admin.py:49: DeprecationWarning: Django 3.2+ available: the _admin_display method and the AdminMethodclass should be removed from openedx.core.types
  warnings.warn(

2023-02-19 16:17:16,641 WARNING 1 [py.warnings] [user None] [ip None] warnings.py:109 - /openedx/venv/lib/python3.8/site-packages/storages/backends/s3boto.py:41: DeprecationWarning: The S3BotoStorage backend is deprecated in favor of the S3Boto3Storage backend and will be removed in django-storages 1.8. This backend is mostly in bugfix only mode and has been for quite a while (in much the same way as its underlying library 'boto'). For performance, security and new feature reasons it is _strongly_ recommended that you update to the S3Boto3Storage backend. Please see the migration docs https://django-storages.readthedocs.io/en/latest/backends/amazon-S3.html#migrating-boto-to-boto3.
  warnings.warn(

2023-02-19 16:17:23,946 WARNING 23 [py.warnings] [user None] [ip None] warnings.py:109 - /openedx/venv/lib/python3.8/site-packages/boto/plugin.py:40: DeprecationWarning: the imp module is deprecated in favour of importlib; see the module's documentation for alternative uses
  import imp

2023-02-19 16:17:24,042 WARNING 23 [py.warnings] [user None] [ip None] warnings.py:109 - /openedx/venv/lib/python3.8/site-packages/botocore/vendored/requests/packages/urllib3/_collections.py:1: DeprecationWarning: Using or importing the ABCs from 'collections' instead of from 'collections.abc' is deprecated since Python 3.3, and in 3.10 it will stop working
  from collections import Mapping, MutableMapping

2023-02-19 16:17:27,055 WARNING 23 [py.warnings] [user None] [ip None] warnings.py:109 - /openedx/edx-platform/openedx/core/types/admin.py:49: DeprecationWarning: Django 3.2+ available: the _admin_display method and the AdminMethodclass should be removed from openedx.core.types
  warnings.warn(

2023-02-19 16:17:28,026 WARNING 23 [py.warnings] [user None] [ip None] warnings.py:109 - /openedx/venv/lib/python3.8/site-packages/storages/backends/s3boto.py:41: DeprecationWarning: The S3BotoStorage backend is deprecated in favor of the S3Boto3Storage backend and will be removed in django-storages 1.8. This backend is mostly in bugfix only mode and has been for quite a while (in much the same way as its underlying library 'boto'). For performance, security and new feature reasons it is _strongly_ recommended that you update to the S3Boto3Storage backend. Please see the migration docs https://django-storages.readthedocs.io/en/latest/backends/amazon-S3.html#migrating-boto-to-boto3.
  warnings.warn(

2023-02-19 16:17:29,983 INFO 23 [django.utils.autoreload] [user None] [ip None] autoreload.py:637 - Watching for file changes with StatReloader
2023-02-19 16:27:04,998 WARNING 1 [py.warnings] [user None] [ip None] warnings.py:109 - /openedx/venv/lib/python3.8/site-packages/boto/plugin.py:40: DeprecationWarning: the imp module is deprecated in favour of importlib; see the module's documentation for alternative uses
  import imp

2023-02-19 16:27:05,074 WARNING 1 [py.warnings] [user None] [ip None] warnings.py:109 - /openedx/venv/lib/python3.8/site-packages/botocore/vendored/requests/packages/urllib3/_collections.py:1: DeprecationWarning: Using or importing the ABCs from 'collections' instead of from 'collections.abc' is deprecated since Python 3.3, and in 3.10 it will stop working
  from collections import Mapping, MutableMapping

2023-02-19 16:27:07,590 WARNING 1 [py.warnings] [user None] [ip None] warnings.py:109 - /openedx/edx-platform/openedx/core/types/admin.py:49: DeprecationWarning: Django 3.2+ available: the _admin_display method and the AdminMethodclass should be removed from openedx.core.types
  warnings.warn(

2023-02-19 16:27:08,699 WARNING 1 [py.warnings] [user None] [ip None] warnings.py:109 - /openedx/venv/lib/python3.8/site-packages/storages/backends/s3boto.py:41: DeprecationWarning: The S3BotoStorage backend is deprecated in favor of the S3Boto3Storage backend and will be removed in django-storages 1.8. This backend is mostly in bugfix only mode and has been for quite a while (in much the same way as its underlying library 'boto'). For performance, security and new feature reasons it is _strongly_ recommended that you update to the S3Boto3Storage backend. Please see the migration docs https://django-storages.readthedocs.io/en/latest/backends/amazon-S3.html#migrating-boto-to-boto3.
  warnings.warn(

2023-02-19 16:27:16,998 WARNING 23 [py.warnings] [user None] [ip None] warnings.py:109 - /openedx/venv/lib/python3.8/site-packages/boto/plugin.py:40: DeprecationWarning: the imp module is deprecated in favour of importlib; see the module's documentation for alternative uses
  import imp

2023-02-19 16:27:17,154 WARNING 23 [py.warnings] [user None] [ip None] warnings.py:109 - /openedx/venv/lib/python3.8/site-packages/botocore/vendored/requests/packages/urllib3/_collections.py:1: DeprecationWarning: Using or importing the ABCs from 'collections' instead of from 'collections.abc' is deprecated since Python 3.3, and in 3.10 it will stop working
  from collections import Mapping, MutableMapping

2023-02-19 16:27:20,658 WARNING 23 [py.warnings] [user None] [ip None] warnings.py:109 - /openedx/edx-platform/openedx/core/types/admin.py:49: DeprecationWarning: Django 3.2+ available: the _admin_display method and the AdminMethodclass should be removed from openedx.core.types
  warnings.warn(

2023-02-19 16:27:21,751 WARNING 23 [py.warnings] [user None] [ip None] warnings.py:109 - /openedx/venv/lib/python3.8/site-packages/storages/backends/s3boto.py:41: DeprecationWarning: The S3BotoStorage backend is deprecated in favor of the S3Boto3Storage backend and will be removed in django-storages 1.8. This backend is mostly in bugfix only mode and has been for quite a while (in much the same way as its underlying library 'boto'). For performance, security and new feature reasons it is _strongly_ recommended that you update to the S3Boto3Storage backend. Please see the migration docs https://django-storages.readthedocs.io/en/latest/backends/amazon-S3.html#migrating-boto-to-boto3.
  warnings.warn(

2023-02-19 16:27:23,812 INFO 23 [django.utils.autoreload] [user None] [ip None] autoreload.py:637 - Watching for file changes with StatReloader
2023-02-19 16:49:45,768 INFO 23 [tracking] [user None] [ip 172.20.0.1] logger.py:41 - {"name": "/logout/", "context": {"user_id": null, "path": "/logout/", "course_id": "", "org_id": "", "enterprise_uuid": ""}, "username": "", "session": "", "ip": "172.20.0.1", "agent": "Mozilla/5.0 (X11; Linux x86_64) AppleWebKit/537.36 (KHTML, like Gecko) Chrome/110.0.0.0 Safari/537.36", "host": "studio.local.overhang.io:8001", "referer": "http://local.overhang.io:8000/", "accept_language": "en-US,en;q=0.9", "event": "{\"GET\": {\"no_redirect\": [\"1\"]}, \"POST\": {}}", "time": "2023-02-19T16:49:45.767718+00:00", "event_type": "/logout/", "event_source": "server", "page": null}
2023-02-19 16:49:45,802 INFO 23 [openedx.core.djangoapps.cors_csrf.helpers] [user None] [ip 172.20.0.1] helpers.py:64 - Origin 'http://local.overhang.io:8000' was not in `CORS_ORIGIN_WHITELIST`; full referer was 'http://local.overhang.io:8000/' and requested host was 'studio.local.overhang.io:8001'; CORS_ORIGIN_ALLOW_ALL=False
2023-02-19 16:49:45,815 INFO 23 [audit] [user None] [ip 172.20.0.1] models.py:2879 - Logout - AnonymousUser
2023-02-19 16:54:24,270 INFO 23 [tracking] [user None] [ip 172.20.0.1] logger.py:41 - {"name": "/logout/", "context": {"user_id": null, "path": "/logout/", "course_id": "", "org_id": "", "enterprise_uuid": ""}, "username": "", "session": "", "ip": "172.20.0.1", "agent": "Mozilla/5.0 (X11; Linux x86_64) AppleWebKit/537.36 (KHTML, like Gecko) Chrome/110.0.0.0 Safari/537.36", "host": "studio.local.overhang.io:8001", "referer": "http://local.overhang.io:8000/", "accept_language": "en-US,en;q=0.9", "event": "{\"GET\": {\"no_redirect\": [\"1\"]}, \"POST\": {}}", "time": "2023-02-19T16:54:24.270717+00:00", "event_type": "/logout/", "event_source": "server", "page": null}
2023-02-19 16:54:24,275 INFO 23 [openedx.core.djangoapps.cors_csrf.helpers] [user None] [ip 172.20.0.1] helpers.py:64 - Origin 'http://local.overhang.io:8000' was not in `CORS_ORIGIN_WHITELIST`; full referer was 'http://local.overhang.io:8000/' and requested host was 'studio.local.overhang.io:8001'; CORS_ORIGIN_ALLOW_ALL=False
2023-02-19 16:54:24,276 INFO 23 [audit] [user None] [ip 172.20.0.1] models.py:2879 - Logout - AnonymousUser
2023-02-19 17:34:44,586 INFO 7 [tracking] [user None] [ip 172.20.0.1] logger.py:41 - {"name": "/", "context": {"user_id": null, "path": "/", "course_id": "", "org_id": "", "enterprise_uuid": ""}, "username": "", "session": "", "ip": "172.20.0.1", "agent": "Mozilla/5.0 (X11; Linux x86_64) AppleWebKit/537.36 (KHTML, like Gecko) Chrome/110.0.0.0 Safari/537.36", "host": "studio.local.overhang.io", "referer": "", "accept_language": "en-US,en;q=0.9", "event": "{\"GET\": {}, \"POST\": {}}", "time": "2023-02-19T17:34:44.585648+00:00", "event_type": "/", "event_source": "server", "page": null}
2023-02-19 17:34:44,909 INFO 7 [openedx.core.djangoapps.cors_csrf.helpers] [user None] [ip 172.20.0.1] helpers.py:64 - Origin None was not in `CORS_ORIGIN_WHITELIST`; full referer was None and requested host was 'studio.local.overhang.io'; CORS_ORIGIN_ALLOW_ALL=False
2023-02-19 17:34:49,956 INFO 7 [tracking] [user None] [ip 172.20.0.1] logger.py:41 - {"name": "/static/studio/images/favicon.ico", "context": {"user_id": null, "path": "/static/studio/images/favicon.ico", "course_id": "", "org_id": "", "enterprise_uuid": ""}, "username": "", "session": "", "ip": "172.20.0.1", "agent": "Mozilla/5.0 (X11; Linux x86_64) AppleWebKit/537.36 (KHTML, like Gecko) Chrome/110.0.0.0 Safari/537.36", "host": "studio.local.overhang.io", "referer": "http://studio.local.overhang.io/", "accept_language": "en-US,en;q=0.9", "event": "{\"GET\": {}, \"POST\": {}}", "time": "2023-02-19T17:34:49.955919+00:00", "event_type": "/static/studio/images/favicon.ico", "event_source": "server", "page": null}
2023-02-19 22:51:55,969 WARNING 1 [py.warnings] [user None] [ip None] warnings.py:109 - /openedx/venv/lib/python3.8/site-packages/boto/plugin.py:40: DeprecationWarning: the imp module is deprecated in favour of importlib; see the module's documentation for alternative uses
  import imp

2023-02-19 22:51:56,118 WARNING 1 [py.warnings] [user None] [ip None] warnings.py:109 - /openedx/venv/lib/python3.8/site-packages/botocore/vendored/requests/packages/urllib3/_collections.py:1: DeprecationWarning: Using or importing the ABCs from 'collections' instead of from 'collections.abc' is deprecated since Python 3.3, and in 3.10 it will stop working
  from collections import Mapping, MutableMapping

2023-02-19 22:51:58,289 WARNING 1 [py.warnings] [user None] [ip None] warnings.py:109 - /openedx/edx-platform/openedx/core/types/admin.py:49: DeprecationWarning: Django 3.2+ available: the _admin_display method and the AdminMethodclass should be removed from openedx.core.types
  warnings.warn(

2023-02-19 22:51:59,544 WARNING 1 [py.warnings] [user None] [ip None] warnings.py:109 - /openedx/venv/lib/python3.8/site-packages/storages/backends/s3boto.py:41: DeprecationWarning: The S3BotoStorage backend is deprecated in favor of the S3Boto3Storage backend and will be removed in django-storages 1.8. This backend is mostly in bugfix only mode and has been for quite a while (in much the same way as its underlying library 'boto'). For performance, security and new feature reasons it is _strongly_ recommended that you update to the S3Boto3Storage backend. Please see the migration docs https://django-storages.readthedocs.io/en/latest/backends/amazon-S3.html#migrating-boto-to-boto3.
  warnings.warn(

2023-02-19 22:52:05,485 WARNING 24 [py.warnings] [user None] [ip None] warnings.py:109 - /openedx/venv/lib/python3.8/site-packages/boto/plugin.py:40: DeprecationWarning: the imp module is deprecated in favour of importlib; see the module's documentation for alternative uses
  import imp

2023-02-19 22:52:05,566 WARNING 24 [py.warnings] [user None] [ip None] warnings.py:109 - /openedx/venv/lib/python3.8/site-packages/botocore/vendored/requests/packages/urllib3/_collections.py:1: DeprecationWarning: Using or importing the ABCs from 'collections' instead of from 'collections.abc' is deprecated since Python 3.3, and in 3.10 it will stop working
  from collections import Mapping, MutableMapping

2023-02-19 22:52:08,474 WARNING 24 [py.warnings] [user None] [ip None] warnings.py:109 - /openedx/edx-platform/openedx/core/types/admin.py:49: DeprecationWarning: Django 3.2+ available: the _admin_display method and the AdminMethodclass should be removed from openedx.core.types
  warnings.warn(

2023-02-19 22:52:09,265 WARNING 24 [py.warnings] [user None] [ip None] warnings.py:109 - /openedx/venv/lib/python3.8/site-packages/storages/backends/s3boto.py:41: DeprecationWarning: The S3BotoStorage backend is deprecated in favor of the S3Boto3Storage backend and will be removed in django-storages 1.8. This backend is mostly in bugfix only mode and has been for quite a while (in much the same way as its underlying library 'boto'). For performance, security and new feature reasons it is _strongly_ recommended that you update to the S3Boto3Storage backend. Please see the migration docs https://django-storages.readthedocs.io/en/latest/backends/amazon-S3.html#migrating-boto-to-boto3.
  warnings.warn(

2023-02-19 22:52:11,409 INFO 24 [django.utils.autoreload] [user None] [ip None] autoreload.py:637 - Watching for file changes with StatReloader
